<?xml version="1.0" encoding="UTF-8"?>
<testng-results skipped="0" failed="1" ignored="0" total="5" passed="4">
  <reporter-output>
  </reporter-output>
  <suite name="Default suite" duration-ms="14097" started-at="2021-03-10T17:11:17 UTC" finished-at="2021-03-10T17:11:31 UTC">
    <groups>
      <group name="Chrome">
        <method signature="TestNgGroupTest.lauchChromeTest()[pri:0, instance:com.simplilearn.webapp.test.TestNgGroupTest@76707e36]" name="lauchChromeTest" class="com.simplilearn.webapp.test.TestNgGroupTest"/>
        <method signature="TestNgGroupTest.verifyAmazonHomePageSourceURL()[pri:2, instance:com.simplilearn.webapp.test.TestNgGroupTest@76707e36]" name="verifyAmazonHomePageSourceURL" class="com.simplilearn.webapp.test.TestNgGroupTest"/>
        <method signature="TestNgGroupTest.verifyAmazonHomePageTitle()[pri:1, instance:com.simplilearn.webapp.test.TestNgGroupTest@76707e36]" name="verifyAmazonHomePageTitle" class="com.simplilearn.webapp.test.TestNgGroupTest"/>
      </group> <!-- Chrome -->
      <group name="FireFox">
        <method signature="TestNgGroupTest.lauchFireFoxTest()[pri:3, instance:com.simplilearn.webapp.test.TestNgGroupTest@76707e36]" name="lauchFireFoxTest" class="com.simplilearn.webapp.test.TestNgGroupTest"/>
        <method signature="TestNgGroupTest.verfiyFacebookHomepage()[pri:4, instance:com.simplilearn.webapp.test.TestNgGroupTest@76707e36]" name="verfiyFacebookHomepage" class="com.simplilearn.webapp.test.TestNgGroupTest"/>
      </group> <!-- FireFox -->
    </groups>
    <test name="Default test" duration-ms="14097" started-at="2021-03-10T17:11:17 UTC" finished-at="2021-03-10T17:11:31 UTC">
      <class name="com.simplilearn.webapp.test.TestNgGroupTest">
        <test-method status="PASS" signature="lauchChromeTest()[pri:0, instance:com.simplilearn.webapp.test.TestNgGroupTest@76707e36]" name="lauchChromeTest" duration-ms="5497" started-at="2021-03-10T17:11:17 UTC" finished-at="2021-03-10T17:11:23 UTC">
          <reporter-output>
          </reporter-output>
        </test-method> <!-- lauchChromeTest -->
        <test-method status="PASS" signature="verifyAmazonHomePageTitle()[pri:1, instance:com.simplilearn.webapp.test.TestNgGroupTest@76707e36]" name="verifyAmazonHomePageTitle" duration-ms="20" started-at="2021-03-10T17:11:23 UTC" depends-on-methods="com.simplilearn.webapp.test.TestNgGroupTest.lauchChromeTest" finished-at="2021-03-10T17:11:23 UTC">
          <reporter-output>
          </reporter-output>
        </test-method> <!-- verifyAmazonHomePageTitle -->
        <test-method status="PASS" signature="verifyAmazonHomePageSourceURL()[pri:2, instance:com.simplilearn.webapp.test.TestNgGroupTest@76707e36]" name="verifyAmazonHomePageSourceURL" duration-ms="119" started-at="2021-03-10T17:11:23 UTC" depends-on-methods="com.simplilearn.webapp.test.TestNgGroupTest.lauchChromeTest" finished-at="2021-03-10T17:11:23 UTC">
          <reporter-output>
          </reporter-output>
        </test-method> <!-- verifyAmazonHomePageSourceURL -->
        <test-method status="PASS" signature="lauchFireFoxTest()[pri:3, instance:com.simplilearn.webapp.test.TestNgGroupTest@76707e36]" name="lauchFireFoxTest" duration-ms="6266" started-at="2021-03-10T17:11:23 UTC" finished-at="2021-03-10T17:11:29 UTC">
          <reporter-output>
          </reporter-output>
        </test-method> <!-- lauchFireFoxTest -->
        <test-method status="FAIL" signature="verfiyFacebookHomepage()[pri:4, instance:com.simplilearn.webapp.test.TestNgGroupTest@76707e36]" name="verfiyFacebookHomepage" duration-ms="2120" started-at="2021-03-10T17:11:29 UTC" depends-on-methods="com.simplilearn.webapp.test.TestNgGroupTest.lauchFireFoxTest" finished-at="2021-03-10T17:11:31 UTC">
          <exception class="org.openqa.selenium.NoSuchElementException">
            <message>
              <![CDATA[Unable to locate element: //*[@id="u_0_b"]
For documentation on this error, please visit: https://www.seleniumhq.org/exceptions/no_such_element.html
Build info: version: '3.141.59', revision: 'e82be7d358', time: '2018-11-14T08:17:03'
System info: host: 'ip-172-31-32-197', ip: '172.31.32.197', os.name: 'Linux', os.arch: 'amd64', os.version: '4.4.0-1122-aws', java.version: '1.8.0_282'
Driver info: org.openqa.selenium.firefox.FirefoxDriver
Capabilities {acceptInsecureCerts: true, browserName: firefox, browserVersion: 86.0, javascriptEnabled: true, moz:accessibilityChecks: false, moz:buildID: 20210222142601, moz:geckodriverVersion: 0.29.0, moz:headless: false, moz:processID: 9333, moz:profile: /tmp/rust_mozprofiley4ZBKS, moz:shutdownTimeout: 60000, moz:useNonSpecCompliantPointerOrigin: false, moz:webdriverClick: true, pageLoadStrategy: normal, platform: LINUX, platformName: LINUX, platformVersion: 4.4.0-1122-aws, rotatable: false, setWindowRect: true, strictFileInteractability: false, timeouts: {implicit: 0, pageLoad: 300000, script: 30000}, unhandledPromptBehavior: dismiss and notify}
Session ID: 106257bc-cd8b-4ef2-95fb-6143cec6bc13
*** Element info: {Using=xpath, value=//*[@id="u_0_b"]}]]>
            </message>
            <full-stacktrace>
              <![CDATA[org.openqa.selenium.NoSuchElementException: Unable to locate element: //*[@id="u_0_b"]
For documentation on this error, please visit: https://www.seleniumhq.org/exceptions/no_such_element.html
Build info: version: '3.141.59', revision: 'e82be7d358', time: '2018-11-14T08:17:03'
System info: host: 'ip-172-31-32-197', ip: '172.31.32.197', os.name: 'Linux', os.arch: 'amd64', os.version: '4.4.0-1122-aws', java.version: '1.8.0_282'
Driver info: org.openqa.selenium.firefox.FirefoxDriver
Capabilities {acceptInsecureCerts: true, browserName: firefox, browserVersion: 86.0, javascriptEnabled: true, moz:accessibilityChecks: false, moz:buildID: 20210222142601, moz:geckodriverVersion: 0.29.0, moz:headless: false, moz:processID: 9333, moz:profile: /tmp/rust_mozprofiley4ZBKS, moz:shutdownTimeout: 60000, moz:useNonSpecCompliantPointerOrigin: false, moz:webdriverClick: true, pageLoadStrategy: normal, platform: LINUX, platformName: LINUX, platformVersion: 4.4.0-1122-aws, rotatable: false, setWindowRect: true, strictFileInteractability: false, timeouts: {implicit: 0, pageLoad: 300000, script: 30000}, unhandledPromptBehavior: dismiss and notify}
Session ID: 106257bc-cd8b-4ef2-95fb-6143cec6bc13
*** Element info: {Using=xpath, value=//*[@id="u_0_b"]}
at sun.reflect.NativeConstructorAccessorImpl.newInstance0(Native Method)
at sun.reflect.NativeConstructorAccessorImpl.newInstance(NativeConstructorAccessorImpl.java:62)
at sun.reflect.DelegatingConstructorAccessorImpl.newInstance(DelegatingConstructorAccessorImpl.java:45)
at java.lang.reflect.Constructor.newInstance(Constructor.java:423)
at org.openqa.selenium.remote.http.W3CHttpResponseCodec.createException(W3CHttpResponseCodec.java:187)
at org.openqa.selenium.remote.http.W3CHttpResponseCodec.decode(W3CHttpResponseCodec.java:122)
at org.openqa.selenium.remote.http.W3CHttpResponseCodec.decode(W3CHttpResponseCodec.java:49)
at org.openqa.selenium.remote.HttpCommandExecutor.execute(HttpCommandExecutor.java:158)
at org.openqa.selenium.remote.service.DriverCommandExecutor.execute(DriverCommandExecutor.java:83)
at org.openqa.selenium.remote.RemoteWebDriver.execute(RemoteWebDriver.java:552)
at org.openqa.selenium.remote.RemoteWebDriver.findElement(RemoteWebDriver.java:323)
at org.openqa.selenium.remote.RemoteWebDriver.findElementByXPath(RemoteWebDriver.java:428)
at org.openqa.selenium.By$ByXPath.findElement(By.java:353)
at org.openqa.selenium.remote.RemoteWebDriver.findElement(RemoteWebDriver.java:315)
at com.simplilearn.webapp.test.TestNgGroupTest.verfiyFacebookHomepage(TestNgGroupTest.java:58)
at sun.reflect.NativeMethodAccessorImpl.invoke0(Native Method)
at sun.reflect.NativeMethodAccessorImpl.invoke(NativeMethodAccessorImpl.java:62)
at sun.reflect.DelegatingMethodAccessorImpl.invoke(DelegatingMethodAccessorImpl.java:43)
at java.lang.reflect.Method.invoke(Method.java:498)
at org.testng.internal.MethodInvocationHelper.invokeMethod(MethodInvocationHelper.java:132)
at org.testng.internal.TestInvoker.invokeMethod(TestInvoker.java:599)
at org.testng.internal.TestInvoker.invokeTestMethod(TestInvoker.java:174)
at org.testng.internal.MethodRunner.runInSequence(MethodRunner.java:46)
at org.testng.internal.TestInvoker$MethodInvocationAgent.invoke(TestInvoker.java:822)
at org.testng.internal.TestInvoker.invokeTestMethods(TestInvoker.java:147)
at org.testng.internal.TestMethodWorker.invokeTestMethods(TestMethodWorker.java:146)
at org.testng.internal.TestMethodWorker.run(TestMethodWorker.java:128)
at java.util.ArrayList.forEach(ArrayList.java:1259)
at org.testng.TestRunner.privateRun(TestRunner.java:764)
at org.testng.TestRunner.run(TestRunner.java:585)
at org.testng.SuiteRunner.runTest(SuiteRunner.java:384)
at org.testng.SuiteRunner.runSequentially(SuiteRunner.java:378)
at org.testng.SuiteRunner.privateRun(SuiteRunner.java:337)
at org.testng.SuiteRunner.run(SuiteRunner.java:286)
at org.testng.SuiteRunnerWorker.runSuite(SuiteRunnerWorker.java:53)
at org.testng.SuiteRunnerWorker.run(SuiteRunnerWorker.java:96)
at org.testng.TestNG.runSuitesSequentially(TestNG.java:1218)
at org.testng.TestNG.runSuitesLocally(TestNG.java:1140)
at org.testng.TestNG.runSuites(TestNG.java:1069)
at org.testng.TestNG.run(TestNG.java:1037)
at org.testng.remote.AbstractRemoteTestNG.run(AbstractRemoteTestNG.java:115)
at org.testng.remote.RemoteTestNG.initAndRun(RemoteTestNG.java:251)
at org.testng.remote.RemoteTestNG.main(RemoteTestNG.java:77)
]]>
            </full-stacktrace>
          </exception> <!-- org.openqa.selenium.NoSuchElementException -->
          <reporter-output>
          </reporter-output>
        </test-method> <!-- verfiyFacebookHomepage -->
      </class> <!-- com.simplilearn.webapp.test.TestNgGroupTest -->
    </test> <!-- Default test -->
  </suite> <!-- Default suite -->
</testng-results>
